<?xml version="1.0" encoding="UTF-8"?>
<testsuite xmlns:xsi="http://www.w3.org/2001/XMLSchema-instance" xsi:schemaLocation="https://maven.apache.org/surefire/maven-surefire-plugin/xsd/surefire-test-report.xsd" name="test.maven.HypMavenFirst.LoginParamTest" time="0.002" tests="5" errors="0" skipped="0" failures="0">
  <properties>
[...]
</properties>
  <testcase name="test[输入为 null和123456的时候，结果是用户名密码不能为空！]" classname="test.maven.HypMavenFirst.LoginParamTest" time="0.001"/>
  <testcase name="test[输入为 ro和123456的时候，结果是用户名密码长度应是3-16位！]" classname="test.maven.HypMavenFirst.LoginParamTest" time="0"/>
  <testcase name="test[输入为 Roy和r的时候，结果是用户名密码长度应是3-16位！]" classname="test.maven.HypMavenFirst.LoginParamTest" time="0"/>
  <testcase name="test[输入为 Roy和123456的时候，结果是恭喜您，登录成功]" classname="test.maven.HypMavenFirst.LoginParamTest" time="0"/>
  <testcase name="test[输入为 Will和123456的时候，结果是不好意思用户名重复]" classname="test.maven.HypMavenFirst.LoginParamTest" time="0"/>
</testsuite>